*. 调度线程: 
    - "flink-scheduler-1"
    
1. netty 通信框架:
    - "flink-rest-server-netty-worker-thread-n":  SingleThreadEventExecutor.run() -> SelectedSelectionKeySetSelector.select();
    - "flink-rest-server-netty-boss-thread-1": 
    

2. "flink-akka.actor.default-dispatcher-15"
    

3. metric监控:
    - "flink-metrics-akka.remote.default-remote-dispatcher-13"线程:
    - "flink-metrics-akka.remote.default-remote-dispatcher-4" 
    - "flink-metrics-scheduler-1": ThreadRenamingRunnable.run() -> NioEventLoop.select() -> SelectedSelectionKeySetSelector.select()
    

    
2020-08-09 16:36:24
Full thread dump Java HotSpot(TM) 64-Bit Server VM (25.261-b12 mixed mode):

"flink-akka.actor.default-dispatcher-137" - Thread t@269
   java.lang.Thread.State: WAITING
        at sun.misc.Unsafe.park(Native Method)
        - parking to wait for <25b561ec> (a akka.dispatch.ForkJoinExecutorConfigurator$AkkaForkJoinPool)
        at akka.dispatch.forkjoin.ForkJoinPool.scan(ForkJoinPool.java:2075)
        at akka.dispatch.forkjoin.ForkJoinPool.runWorker(ForkJoinPool.java:1979)
        at akka.dispatch.forkjoin.ForkJoinWorkerThread.run(ForkJoinWorkerThread.java:107)

   Locked ownable synchronizers:
        - None

"RMI TCP Connection(4)-192.168.51.1" - Thread t@192
   java.lang.Thread.State: RUNNABLE
        at sun.management.ThreadImpl.dumpThreads0(Native Method)
        at sun.management.ThreadImpl.dumpAllThreads(ThreadImpl.java:454)
        at sun.reflect.NativeMethodAccessorImpl.invoke0(Native Method)
        at sun.reflect.NativeMethodAccessorImpl.invoke(NativeMethodAccessorImpl.java:62)
        at sun.reflect.DelegatingMethodAccessorImpl.invoke(DelegatingMethodAccessorImpl.java:43)
        at java.lang.reflect.Method.invoke(Method.java:498)
        at sun.reflect.misc.Trampoline.invoke(MethodUtil.java:71)
        at sun.reflect.GeneratedMethodAccessor21.invoke(Unknown Source)
        at sun.reflect.DelegatingMethodAccessorImpl.invoke(DelegatingMethodAccessorImpl.java:43)
        at java.lang.reflect.Method.invoke(Method.java:498)
        at sun.reflect.misc.MethodUtil.invoke(MethodUtil.java:275)
        at com.sun.jmx.mbeanserver.ConvertingMethod.invokeWithOpenReturn(ConvertingMethod.java:193)
        at com.sun.jmx.mbeanserver.ConvertingMethod.invokeWithOpenReturn(ConvertingMethod.java:175)
        at com.sun.jmx.mbeanserver.MXBeanIntrospector.invokeM2(MXBeanIntrospector.java:117)
        at com.sun.jmx.mbeanserver.MXBeanIntrospector.invokeM2(MXBeanIntrospector.java:54)
        at com.sun.jmx.mbeanserver.MBeanIntrospector.invokeM(MBeanIntrospector.java:237)
        at com.sun.jmx.mbeanserver.PerInterface.invoke(PerInterface.java:138)
        at com.sun.jmx.mbeanserver.MBeanSupport.invoke(MBeanSupport.java:252)
        at javax.management.StandardMBean.invoke(StandardMBean.java:405)
        at com.sun.jmx.interceptor.DefaultMBeanServerInterceptor.invoke(DefaultMBeanServerInterceptor.java:819)
        at com.sun.jmx.mbeanserver.JmxMBeanServer.invoke(JmxMBeanServer.java:801)
        at javax.management.remote.rmi.RMIConnectionImpl.doOperation(RMIConnectionImpl.java:1468)
        at javax.management.remote.rmi.RMIConnectionImpl.access$300(RMIConnectionImpl.java:76)
        at javax.management.remote.rmi.RMIConnectionImpl$PrivilegedOperation.run(RMIConnectionImpl.java:1309)
        at javax.management.remote.rmi.RMIConnectionImpl.doPrivilegedOperation(RMIConnectionImpl.java:1401)
        at javax.management.remote.rmi.RMIConnectionImpl.invoke(RMIConnectionImpl.java:829)
        at sun.reflect.GeneratedMethodAccessor51.invoke(Unknown Source)
        at sun.reflect.DelegatingMethodAccessorImpl.invoke(DelegatingMethodAccessorImpl.java:43)
        at java.lang.reflect.Method.invoke(Method.java:498)
        at sun.rmi.server.UnicastServerRef.dispatch(UnicastServerRef.java:357)
        at sun.rmi.transport.Transport$1.run(Transport.java:200)
        at sun.rmi.transport.Transport$1.run(Transport.java:197)
        at java.security.AccessController.doPrivileged(Native Method)
        at sun.rmi.transport.Transport.serviceCall(Transport.java:196)
        at sun.rmi.transport.tcp.TCPTransport.handleMessages(TCPTransport.java:573)
        at sun.rmi.transport.tcp.TCPTransport$ConnectionHandler.run0(TCPTransport.java:834)
        at sun.rmi.transport.tcp.TCPTransport$ConnectionHandler.lambda$run$0(TCPTransport.java:688)
        at sun.rmi.transport.tcp.TCPTransport$ConnectionHandler$$Lambda$645/1190455210.run(Unknown Source)
        at java.security.AccessController.doPrivileged(Native Method)
        at sun.rmi.transport.tcp.TCPTransport$ConnectionHandler.run(TCPTransport.java:687)
        at java.util.concurrent.ThreadPoolExecutor.runWorker(ThreadPoolExecutor.java:1149)
        at java.util.concurrent.ThreadPoolExecutor$Worker.run(ThreadPoolExecutor.java:624)
        at java.lang.Thread.run(Thread.java:748)

   Locked ownable synchronizers:
        - locked <653c79d8> (a java.util.concurrent.ThreadPoolExecutor$Worker)

"JDWP Transport Listener: dt_socket" - Thread t@138
   java.lang.Thread.State: RUNNABLE

   Locked ownable synchronizers:
        - None

"RMI TCP Connection(3)-192.168.51.1" - Thread t@136
   java.lang.Thread.State: TIMED_WAITING
        at java.lang.Object.wait(Native Method)
        - waiting on <1e545603> (a com.sun.jmx.remote.internal.ArrayNotificationBuffer)
        at com.sun.jmx.remote.internal.ArrayNotificationBuffer.fetchNotifications(ArrayNotificationBuffer.java:449)
        at com.sun.jmx.remote.internal.ArrayNotificationBuffer$ShareBuffer.fetchNotifications(ArrayNotificationBuffer.java:227)
        at com.sun.jmx.remote.internal.ServerNotifForwarder.fetchNotifs(ServerNotifForwarder.java:274)
        at javax.management.remote.rmi.RMIConnectionImpl$4.run(RMIConnectionImpl.java:1270)
        at javax.management.remote.rmi.RMIConnectionImpl$4.run(RMIConnectionImpl.java:1268)
        at javax.management.remote.rmi.RMIConnectionImpl.fetchNotifications(RMIConnectionImpl.java:1274)
        at sun.reflect.GeneratedMethodAccessor62.invoke(Unknown Source)
        at sun.reflect.DelegatingMethodAccessorImpl.invoke(DelegatingMethodAccessorImpl.java:43)
        at java.lang.reflect.Method.invoke(Method.java:498)
        at sun.rmi.server.UnicastServerRef.dispatch(UnicastServerRef.java:357)
        at sun.rmi.transport.Transport$1.run(Transport.java:200)
        at sun.rmi.transport.Transport$1.run(Transport.java:197)
        at java.security.AccessController.doPrivileged(Native Method)
        at sun.rmi.transport.Transport.serviceCall(Transport.java:196)
        at sun.rmi.transport.tcp.TCPTransport.handleMessages(TCPTransport.java:573)
        at sun.rmi.transport.tcp.TCPTransport$ConnectionHandler.run0(TCPTransport.java:834)
        at sun.rmi.transport.tcp.TCPTransport$ConnectionHandler.lambda$run$0(TCPTransport.java:688)
        at sun.rmi.transport.tcp.TCPTransport$ConnectionHandler$$Lambda$645/1190455210.run(Unknown Source)
        at java.security.AccessController.doPrivileged(Native Method)
        at sun.rmi.transport.tcp.TCPTransport$ConnectionHandler.run(TCPTransport.java:687)
        at java.util.concurrent.ThreadPoolExecutor.runWorker(ThreadPoolExecutor.java:1149)
        at java.util.concurrent.ThreadPoolExecutor$Worker.run(ThreadPoolExecutor.java:624)
        at java.lang.Thread.run(Thread.java:748)

   Locked ownable synchronizers:
        - locked <203ef3bb> (a java.util.concurrent.ThreadPoolExecutor$Worker)

"JMX server connection timeout 135" - Thread t@135
   java.lang.Thread.State: TIMED_WAITING
        at java.lang.Object.wait(Native Method)
        - waiting on <324f675d> (a [I)
        at com.sun.jmx.remote.internal.ServerCommunicatorAdmin$Timeout.run(ServerCommunicatorAdmin.java:168)
        at java.lang.Thread.run(Thread.java:748)

   Locked ownable synchronizers:
        - None

"RMI Scheduler(0)" - Thread t@133
   java.lang.Thread.State: TIMED_WAITING
        at sun.misc.Unsafe.park(Native Method)
        - parking to wait for <63a5c615> (a java.util.concurrent.locks.AbstractQueuedSynchronizer$ConditionObject)
        at java.util.concurrent.locks.LockSupport.parkNanos(LockSupport.java:215)
        at java.util.concurrent.locks.AbstractQueuedSynchronizer$ConditionObject.awaitNanos(AbstractQueuedSynchronizer.java:2078)
        at java.util.concurrent.ScheduledThreadPoolExecutor$DelayedWorkQueue.take(ScheduledThreadPoolExecutor.java:1093)
        at java.util.concurrent.ScheduledThreadPoolExecutor$DelayedWorkQueue.take(ScheduledThreadPoolExecutor.java:809)
        at java.util.concurrent.ThreadPoolExecutor.getTask(ThreadPoolExecutor.java:1074)
        at java.util.concurrent.ThreadPoolExecutor.runWorker(ThreadPoolExecutor.java:1134)
        at java.util.concurrent.ThreadPoolExecutor$Worker.run(ThreadPoolExecutor.java:624)
        at java.lang.Thread.run(Thread.java:748)

   Locked ownable synchronizers:
        - None

"pool-1-thread-1" - Thread t@131
   java.lang.Thread.State: WAITING
        at sun.misc.Unsafe.park(Native Method)
        - parking to wait for <22a6784b> (a java.util.concurrent.locks.AbstractQueuedSynchronizer$ConditionObject)
        at java.util.concurrent.locks.LockSupport.park(LockSupport.java:175)
        at java.util.concurrent.locks.AbstractQueuedSynchronizer$ConditionObject.await(AbstractQueuedSynchronizer.java:2039)
        at java.util.concurrent.ScheduledThreadPoolExecutor$DelayedWorkQueue.take(ScheduledThreadPoolExecutor.java:1081)
        at java.util.concurrent.ScheduledThreadPoolExecutor$DelayedWorkQueue.take(ScheduledThreadPoolExecutor.java:809)
        at java.util.concurrent.ThreadPoolExecutor.getTask(ThreadPoolExecutor.java:1074)
        at java.util.concurrent.ThreadPoolExecutor.runWorker(ThreadPoolExecutor.java:1134)
        at java.util.concurrent.ThreadPoolExecutor$Worker.run(ThreadPoolExecutor.java:624)
        at java.lang.Thread.run(Thread.java:748)

   Locked ownable synchronizers:
        - None

"Thread-24" - Thread t@126
   java.lang.Thread.State: TIMED_WAITING
        at java.lang.Object.wait(Native Method)
        - waiting on <1e7ed652> (a com.mashape.unirest.http.utils.SyncIdleConnectionMonitorThread)
        at com.mashape.unirest.http.utils.SyncIdleConnectionMonitorThread.run(SyncIdleConnectionMonitorThread.java:22)

   Locked ownable synchronizers:
        - None

"flink-rest-server-netty-worker-thread-4" - Thread t@117
   java.lang.Thread.State: RUNNABLE
        at sun.nio.ch.EPollArrayWrapper.epollWait(Native Method)
        at sun.nio.ch.EPollArrayWrapper.poll(EPollArrayWrapper.java:269)
        at sun.nio.ch.EPollSelectorImpl.doSelect(EPollSelectorImpl.java:93)
        at sun.nio.ch.SelectorImpl.lockAndDoSelect(SelectorImpl.java:86)
        - locked <66ccc2f6> (a org.apache.flink.shaded.netty4.io.netty.channel.nio.SelectedSelectionKeySet)
        - locked <5261505f> (a java.util.Collections$UnmodifiableSet)
        - locked <1d321f62> (a sun.nio.ch.EPollSelectorImpl)
        at sun.nio.ch.SelectorImpl.select(SelectorImpl.java:97)
        at org.apache.flink.shaded.netty4.io.netty.channel.nio.SelectedSelectionKeySetSelector.select(SelectedSelectionKeySetSelector.java:62)
        at org.apache.flink.shaded.netty4.io.netty.channel.nio.NioEventLoop.select(NioEventLoop.java:806)
        at org.apache.flink.shaded.netty4.io.netty.channel.nio.NioEventLoop.run(NioEventLoop.java:454)
        at org.apache.flink.shaded.netty4.io.netty.util.concurrent.SingleThreadEventExecutor$5.run(SingleThreadEventExecutor.java:918)
        at org.apache.flink.shaded.netty4.io.netty.util.internal.ThreadExecutorMap$2.run(ThreadExecutorMap.java:74)
        at java.lang.Thread.run(Thread.java:748)

   Locked ownable synchronizers:
        - None

"flink-rest-server-netty-worker-thread-3" - Thread t@116
   java.lang.Thread.State: RUNNABLE
        at sun.nio.ch.EPollArrayWrapper.epollWait(Native Method)
        at sun.nio.ch.EPollArrayWrapper.poll(EPollArrayWrapper.java:269)
        at sun.nio.ch.EPollSelectorImpl.doSelect(EPollSelectorImpl.java:93)
        at sun.nio.ch.SelectorImpl.lockAndDoSelect(SelectorImpl.java:86)
        - locked <7920d631> (a org.apache.flink.shaded.netty4.io.netty.channel.nio.SelectedSelectionKeySet)
        - locked <79fb7091> (a java.util.Collections$UnmodifiableSet)
        - locked <21403459> (a sun.nio.ch.EPollSelectorImpl)
        at sun.nio.ch.SelectorImpl.select(SelectorImpl.java:97)
        at org.apache.flink.shaded.netty4.io.netty.channel.nio.SelectedSelectionKeySetSelector.select(SelectedSelectionKeySetSelector.java:62)
        at org.apache.flink.shaded.netty4.io.netty.channel.nio.NioEventLoop.select(NioEventLoop.java:806)
        at org.apache.flink.shaded.netty4.io.netty.channel.nio.NioEventLoop.run(NioEventLoop.java:454)
        at org.apache.flink.shaded.netty4.io.netty.util.concurrent.SingleThreadEventExecutor$5.run(SingleThreadEventExecutor.java:918)
        at org.apache.flink.shaded.netty4.io.netty.util.internal.ThreadExecutorMap$2.run(ThreadExecutorMap.java:74)
        at java.lang.Thread.run(Thread.java:748)

   Locked ownable synchronizers:
        - None

"Flink-MetricRegistry-thread-1" - Thread t@114
   java.lang.Thread.State: TIMED_WAITING
        at sun.misc.Unsafe.park(Native Method)
        - parking to wait for <57422f4f> (a java.util.concurrent.locks.AbstractQueuedSynchronizer$ConditionObject)
        at java.util.concurrent.locks.LockSupport.parkNanos(LockSupport.java:215)
        at java.util.concurrent.locks.AbstractQueuedSynchronizer$ConditionObject.awaitNanos(AbstractQueuedSynchronizer.java:2078)
        at java.util.concurrent.ScheduledThreadPoolExecutor$DelayedWorkQueue.take(ScheduledThreadPoolExecutor.java:1093)
        at java.util.concurrent.ScheduledThreadPoolExecutor$DelayedWorkQueue.take(ScheduledThreadPoolExecutor.java:809)
        at java.util.concurrent.ThreadPoolExecutor.getTask(ThreadPoolExecutor.java:1074)
        at java.util.concurrent.ThreadPoolExecutor.runWorker(ThreadPoolExecutor.java:1134)
        at java.util.concurrent.ThreadPoolExecutor$Worker.run(ThreadPoolExecutor.java:624)
        at java.lang.Thread.run(Thread.java:748)

   Locked ownable synchronizers:
        - None

"pool-14-thread-1" - Thread t@111
   java.lang.Thread.State: WAITING
        at sun.misc.Unsafe.park(Native Method)
        - parking to wait for <1a9adedc> (a java.util.concurrent.locks.AbstractQueuedSynchronizer$ConditionObject)
        at java.util.concurrent.locks.LockSupport.park(LockSupport.java:175)
        at java.util.concurrent.locks.AbstractQueuedSynchronizer$ConditionObject.await(AbstractQueuedSynchronizer.java:2039)
        at java.util.concurrent.ScheduledThreadPoolExecutor$DelayedWorkQueue.take(ScheduledThreadPoolExecutor.java:1081)
        at java.util.concurrent.ScheduledThreadPoolExecutor$DelayedWorkQueue.take(ScheduledThreadPoolExecutor.java:809)
        at java.util.concurrent.ThreadPoolExecutor.getTask(ThreadPoolExecutor.java:1074)
        at java.util.concurrent.ThreadPoolExecutor.runWorker(ThreadPoolExecutor.java:1134)
        at java.util.concurrent.ThreadPoolExecutor$Worker.run(ThreadPoolExecutor.java:624)
        at java.lang.Thread.run(Thread.java:748)

   Locked ownable synchronizers:
        - None

"flink-rest-server-netty-worker-thread-2" - Thread t@110
   java.lang.Thread.State: RUNNABLE
        at sun.nio.ch.EPollArrayWrapper.epollWait(Native Method)
        at sun.nio.ch.EPollArrayWrapper.poll(EPollArrayWrapper.java:269)
        at sun.nio.ch.EPollSelectorImpl.doSelect(EPollSelectorImpl.java:93)
        at sun.nio.ch.SelectorImpl.lockAndDoSelect(SelectorImpl.java:86)
        - locked <2c04f61c> (a org.apache.flink.shaded.netty4.io.netty.channel.nio.SelectedSelectionKeySet)
        - locked <53ea2cf3> (a java.util.Collections$UnmodifiableSet)
        - locked <7137b1e7> (a sun.nio.ch.EPollSelectorImpl)
        at sun.nio.ch.SelectorImpl.select(SelectorImpl.java:97)
        at org.apache.flink.shaded.netty4.io.netty.channel.nio.SelectedSelectionKeySetSelector.select(SelectedSelectionKeySetSelector.java:62)
        at org.apache.flink.shaded.netty4.io.netty.channel.nio.NioEventLoop.select(NioEventLoop.java:806)
        at org.apache.flink.shaded.netty4.io.netty.channel.nio.NioEventLoop.run(NioEventLoop.java:454)
        at org.apache.flink.shaded.netty4.io.netty.util.concurrent.SingleThreadEventExecutor$5.run(SingleThreadEventExecutor.java:918)
        at org.apache.flink.shaded.netty4.io.netty.util.internal.ThreadExecutorMap$2.run(ThreadExecutorMap.java:74)
        at java.lang.Thread.run(Thread.java:748)

   Locked ownable synchronizers:
        - None

"jobmanager-future-thread-2" - Thread t@106
   java.lang.Thread.State: WAITING
        at sun.misc.Unsafe.park(Native Method)
        - parking to wait for <bef99e4> (a java.util.concurrent.locks.AbstractQueuedSynchronizer$ConditionObject)
        at java.util.concurrent.locks.LockSupport.park(LockSupport.java:175)
        at java.util.concurrent.locks.AbstractQueuedSynchronizer$ConditionObject.await(AbstractQueuedSynchronizer.java:2039)
        at java.util.concurrent.ScheduledThreadPoolExecutor$DelayedWorkQueue.take(ScheduledThreadPoolExecutor.java:1088)
        at java.util.concurrent.ScheduledThreadPoolExecutor$DelayedWorkQueue.take(ScheduledThreadPoolExecutor.java:809)
        at java.util.concurrent.ThreadPoolExecutor.getTask(ThreadPoolExecutor.java:1074)
        at java.util.concurrent.ThreadPoolExecutor.runWorker(ThreadPoolExecutor.java:1134)
        at java.util.concurrent.ThreadPoolExecutor$Worker.run(ThreadPoolExecutor.java:624)
        at java.lang.Thread.run(Thread.java:748)

   Locked ownable synchronizers:
        - None

"FlinkCompletableFutureDelayScheduler-thread-1" - Thread t@103
   java.lang.Thread.State: WAITING
        at sun.misc.Unsafe.park(Native Method)
        - parking to wait for <63cb128d> (a java.util.concurrent.locks.AbstractQueuedSynchronizer$ConditionObject)
        at java.util.concurrent.locks.LockSupport.park(LockSupport.java:175)
        at java.util.concurrent.locks.AbstractQueuedSynchronizer$ConditionObject.await(AbstractQueuedSynchronizer.java:2039)
        at java.util.concurrent.ScheduledThreadPoolExecutor$DelayedWorkQueue.take(ScheduledThreadPoolExecutor.java:1081)
        at java.util.concurrent.ScheduledThreadPoolExecutor$DelayedWorkQueue.take(ScheduledThreadPoolExecutor.java:809)
        at java.util.concurrent.ThreadPoolExecutor.getTask(ThreadPoolExecutor.java:1074)
        at java.util.concurrent.ThreadPoolExecutor.runWorker(ThreadPoolExecutor.java:1134)
        at java.util.concurrent.ThreadPoolExecutor$Worker.run(ThreadPoolExecutor.java:624)
        at java.lang.Thread.run(Thread.java:748)

   Locked ownable synchronizers:
        - None

"flink-rest-server-netty-worker-thread-1" - Thread t@97
   java.lang.Thread.State: RUNNABLE
        at sun.nio.ch.EPollArrayWrapper.epollWait(Native Method)
        at sun.nio.ch.EPollArrayWrapper.poll(EPollArrayWrapper.java:269)
        at sun.nio.ch.EPollSelectorImpl.doSelect(EPollSelectorImpl.java:93)
        at sun.nio.ch.SelectorImpl.lockAndDoSelect(SelectorImpl.java:86)
        - locked <51f5a164> (a org.apache.flink.shaded.netty4.io.netty.channel.nio.SelectedSelectionKeySet)
        - locked <5aca0950> (a java.util.Collections$UnmodifiableSet)
        - locked <58c52b4e> (a sun.nio.ch.EPollSelectorImpl)
        at sun.nio.ch.SelectorImpl.select(SelectorImpl.java:97)
        at org.apache.flink.shaded.netty4.io.netty.channel.nio.SelectedSelectionKeySetSelector.select(SelectedSelectionKeySetSelector.java:62)
        at org.apache.flink.shaded.netty4.io.netty.channel.nio.NioEventLoop.select(NioEventLoop.java:806)
        at org.apache.flink.shaded.netty4.io.netty.channel.nio.NioEventLoop.run(NioEventLoop.java:454)
        at org.apache.flink.shaded.netty4.io.netty.util.concurrent.SingleThreadEventExecutor$5.run(SingleThreadEventExecutor.java:918)
        at org.apache.flink.shaded.netty4.io.netty.util.internal.ThreadExecutorMap$2.run(ThreadExecutorMap.java:74)
        at java.lang.Thread.run(Thread.java:748)

   Locked ownable synchronizers:
        - None

"NonBlockingInputStreamThread" - Thread t@91
   java.lang.Thread.State: WAITING
        at java.lang.Object.wait(Native Method)
        - waiting on <691527b8> (a jline.internal.NonBlockingInputStream)
        at jline.internal.NonBlockingInputStream.run(NonBlockingInputStream.java:275)
        at java.lang.Thread.run(Thread.java:748)

   Locked ownable synchronizers:
        - None

"Flink-DispatcherRestEndpoint-thread-4" - Thread t@86
   java.lang.Thread.State: WAITING
        at sun.misc.Unsafe.park(Native Method)
        - parking to wait for <25a695f8> (a java.util.concurrent.locks.AbstractQueuedSynchronizer$ConditionObject)
        at java.util.concurrent.locks.LockSupport.park(LockSupport.java:175)
        at java.util.concurrent.locks.AbstractQueuedSynchronizer$ConditionObject.await(AbstractQueuedSynchronizer.java:2039)
        at java.util.concurrent.ScheduledThreadPoolExecutor$DelayedWorkQueue.take(ScheduledThreadPoolExecutor.java:1088)
        at java.util.concurrent.ScheduledThreadPoolExecutor$DelayedWorkQueue.take(ScheduledThreadPoolExecutor.java:809)
        at java.util.concurrent.ThreadPoolExecutor.getTask(ThreadPoolExecutor.java:1074)
        at java.util.concurrent.ThreadPoolExecutor.runWorker(ThreadPoolExecutor.java:1134)
        at java.util.concurrent.ThreadPoolExecutor$Worker.run(ThreadPoolExecutor.java:624)
        at java.lang.Thread.run(Thread.java:748)

   Locked ownable synchronizers:
        - None

"Flink-DispatcherRestEndpoint-thread-3" - Thread t@85
   java.lang.Thread.State: WAITING
        at sun.misc.Unsafe.park(Native Method)
        - parking to wait for <25a695f8> (a java.util.concurrent.locks.AbstractQueuedSynchronizer$ConditionObject)
        at java.util.concurrent.locks.LockSupport.park(LockSupport.java:175)
        at java.util.concurrent.locks.AbstractQueuedSynchronizer$ConditionObject.await(AbstractQueuedSynchronizer.java:2039)
        at java.util.concurrent.ScheduledThreadPoolExecutor$DelayedWorkQueue.take(ScheduledThreadPoolExecutor.java:1088)
        at java.util.concurrent.ScheduledThreadPoolExecutor$DelayedWorkQueue.take(ScheduledThreadPoolExecutor.java:809)
        at java.util.concurrent.ThreadPoolExecutor.getTask(ThreadPoolExecutor.java:1074)
        at java.util.concurrent.ThreadPoolExecutor.runWorker(ThreadPoolExecutor.java:1134)
        at java.util.concurrent.ThreadPoolExecutor$Worker.run(ThreadPoolExecutor.java:624)
        at java.lang.Thread.run(Thread.java:748)

   Locked ownable synchronizers:
        - None

"Flink-DispatcherRestEndpoint-thread-2" - Thread t@83
   java.lang.Thread.State: WAITING
        at sun.misc.Unsafe.park(Native Method)
        - parking to wait for <25a695f8> (a java.util.concurrent.locks.AbstractQueuedSynchronizer$ConditionObject)
        at java.util.concurrent.locks.LockSupport.park(LockSupport.java:175)
        at java.util.concurrent.locks.AbstractQueuedSynchronizer$ConditionObject.await(AbstractQueuedSynchronizer.java:2039)
        at java.util.concurrent.ScheduledThreadPoolExecutor$DelayedWorkQueue.take(ScheduledThreadPoolExecutor.java:1088)
        at java.util.concurrent.ScheduledThreadPoolExecutor$DelayedWorkQueue.take(ScheduledThreadPoolExecutor.java:809)
        at java.util.concurrent.ThreadPoolExecutor.getTask(ThreadPoolExecutor.java:1074)
        at java.util.concurrent.ThreadPoolExecutor.runWorker(ThreadPoolExecutor.java:1134)
        at java.util.concurrent.ThreadPoolExecutor$Worker.run(ThreadPoolExecutor.java:624)
        at java.lang.Thread.run(Thread.java:748)

   Locked ownable synchronizers:
        - None

"jobmanager-future-thread-1" - Thread t@82
   java.lang.Thread.State: TIMED_WAITING
        at sun.misc.Unsafe.park(Native Method)
        - parking to wait for <bef99e4> (a java.util.concurrent.locks.AbstractQueuedSynchronizer$ConditionObject)
        at java.util.concurrent.locks.LockSupport.parkNanos(LockSupport.java:215)
        at java.util.concurrent.locks.AbstractQueuedSynchronizer$ConditionObject.awaitNanos(AbstractQueuedSynchronizer.java:2078)
        at java.util.concurrent.ScheduledThreadPoolExecutor$DelayedWorkQueue.take(ScheduledThreadPoolExecutor.java:1093)
        at java.util.concurrent.ScheduledThreadPoolExecutor$DelayedWorkQueue.take(ScheduledThreadPoolExecutor.java:809)
        at java.util.concurrent.ThreadPoolExecutor.getTask(ThreadPoolExecutor.java:1074)
        at java.util.concurrent.ThreadPoolExecutor.runWorker(ThreadPoolExecutor.java:1134)
        at java.util.concurrent.ThreadPoolExecutor$Worker.run(ThreadPoolExecutor.java:624)
        at java.lang.Thread.run(Thread.java:748)

   Locked ownable synchronizers:
        - None

"mini-cluster-io-thread-2" - Thread t@81
   java.lang.Thread.State: WAITING
        at sun.misc.Unsafe.park(Native Method)
        - parking to wait for <2b123aa1> (a java.util.concurrent.locks.AbstractQueuedSynchronizer$ConditionObject)
        at java.util.concurrent.locks.LockSupport.park(LockSupport.java:175)
        at java.util.concurrent.locks.AbstractQueuedSynchronizer$ConditionObject.await(AbstractQueuedSynchronizer.java:2039)
        at java.util.concurrent.LinkedBlockingQueue.take(LinkedBlockingQueue.java:442)
        at java.util.concurrent.ThreadPoolExecutor.getTask(ThreadPoolExecutor.java:1074)
        at java.util.concurrent.ThreadPoolExecutor.runWorker(ThreadPoolExecutor.java:1134)
        at java.util.concurrent.ThreadPoolExecutor$Worker.run(ThreadPoolExecutor.java:624)
        at java.lang.Thread.run(Thread.java:748)

   Locked ownable synchronizers:
        - None

"Flink-DispatcherRestEndpoint-thread-1" - Thread t@80
   java.lang.Thread.State: TIMED_WAITING
        at sun.misc.Unsafe.park(Native Method)
        - parking to wait for <25a695f8> (a java.util.concurrent.locks.AbstractQueuedSynchronizer$ConditionObject)
        at java.util.concurrent.locks.LockSupport.parkNanos(LockSupport.java:215)
        at java.util.concurrent.locks.AbstractQueuedSynchronizer$ConditionObject.awaitNanos(AbstractQueuedSynchronizer.java:2078)
        at java.util.concurrent.ScheduledThreadPoolExecutor$DelayedWorkQueue.take(ScheduledThreadPoolExecutor.java:1093)
        at java.util.concurrent.ScheduledThreadPoolExecutor$DelayedWorkQueue.take(ScheduledThreadPoolExecutor.java:809)
        at java.util.concurrent.ThreadPoolExecutor.getTask(ThreadPoolExecutor.java:1074)
        at java.util.concurrent.ThreadPoolExecutor.runWorker(ThreadPoolExecutor.java:1134)
        at java.util.concurrent.ThreadPoolExecutor$Worker.run(ThreadPoolExecutor.java:624)
        at java.lang.Thread.run(Thread.java:748)

   Locked ownable synchronizers:
        - None

"mini-cluster-io-thread-1" - Thread t@79
   java.lang.Thread.State: WAITING
        at sun.misc.Unsafe.park(Native Method)
        - parking to wait for <2b123aa1> (a java.util.concurrent.locks.AbstractQueuedSynchronizer$ConditionObject)
        at java.util.concurrent.locks.LockSupport.park(LockSupport.java:175)
        at java.util.concurrent.locks.AbstractQueuedSynchronizer$ConditionObject.await(AbstractQueuedSynchronizer.java:2039)
        at java.util.concurrent.LinkedBlockingQueue.take(LinkedBlockingQueue.java:442)
        at java.util.concurrent.ThreadPoolExecutor.getTask(ThreadPoolExecutor.java:1074)
        at java.util.concurrent.ThreadPoolExecutor.runWorker(ThreadPoolExecutor.java:1134)
        at java.util.concurrent.ThreadPoolExecutor$Worker.run(ThreadPoolExecutor.java:624)
        at java.lang.Thread.run(Thread.java:748)

   Locked ownable synchronizers:
        - None

"flink-rest-server-netty-boss-thread-1" - Thread t@78
   java.lang.Thread.State: RUNNABLE
        at sun.nio.ch.EPollArrayWrapper.epollWait(Native Method)
        at sun.nio.ch.EPollArrayWrapper.poll(EPollArrayWrapper.java:269)
        at sun.nio.ch.EPollSelectorImpl.doSelect(EPollSelectorImpl.java:93)
        at sun.nio.ch.SelectorImpl.lockAndDoSelect(SelectorImpl.java:86)
        - locked <14b11138> (a org.apache.flink.shaded.netty4.io.netty.channel.nio.SelectedSelectionKeySet)
        - locked <68b37c4b> (a java.util.Collections$UnmodifiableSet)
        - locked <62b97884> (a sun.nio.ch.EPollSelectorImpl)
        at sun.nio.ch.SelectorImpl.select(SelectorImpl.java:97)
        at org.apache.flink.shaded.netty4.io.netty.channel.nio.SelectedSelectionKeySetSelector.select(SelectedSelectionKeySetSelector.java:62)
        at org.apache.flink.shaded.netty4.io.netty.channel.nio.NioEventLoop.select(NioEventLoop.java:806)
        at org.apache.flink.shaded.netty4.io.netty.channel.nio.NioEventLoop.run(NioEventLoop.java:454)
        at org.apache.flink.shaded.netty4.io.netty.util.concurrent.SingleThreadEventExecutor$5.run(SingleThreadEventExecutor.java:918)
        at org.apache.flink.shaded.netty4.io.netty.util.internal.ThreadExecutorMap$2.run(ThreadExecutorMap.java:74)
        at java.lang.Thread.run(Thread.java:748)

   Locked ownable synchronizers:
        - None

"Flink Netty Server (0) Thread 0" - Thread t@75
   java.lang.Thread.State: RUNNABLE
        at sun.nio.ch.EPollArrayWrapper.epollWait(Native Method)
        at sun.nio.ch.EPollArrayWrapper.poll(EPollArrayWrapper.java:269)
        at sun.nio.ch.EPollSelectorImpl.doSelect(EPollSelectorImpl.java:93)
        at sun.nio.ch.SelectorImpl.lockAndDoSelect(SelectorImpl.java:86)
        - locked <1357a0c6> (a org.apache.flink.shaded.netty4.io.netty.channel.nio.SelectedSelectionKeySet)
        - locked <f735b45> (a java.util.Collections$UnmodifiableSet)
        - locked <7cd13fc4> (a sun.nio.ch.EPollSelectorImpl)
        at sun.nio.ch.SelectorImpl.select(SelectorImpl.java:97)
        at org.apache.flink.shaded.netty4.io.netty.channel.nio.SelectedSelectionKeySetSelector.select(SelectedSelectionKeySetSelector.java:62)
        at org.apache.flink.shaded.netty4.io.netty.channel.nio.NioEventLoop.select(NioEventLoop.java:806)
        at org.apache.flink.shaded.netty4.io.netty.channel.nio.NioEventLoop.run(NioEventLoop.java:454)
        at org.apache.flink.shaded.netty4.io.netty.util.concurrent.SingleThreadEventExecutor$5.run(SingleThreadEventExecutor.java:918)
        at org.apache.flink.shaded.netty4.io.netty.util.internal.ThreadExecutorMap$2.run(ThreadExecutorMap.java:74)
        at java.lang.Thread.run(Thread.java:748)

   Locked ownable synchronizers:
        - None

"IOManager reader thread #1" - Thread t@71
   java.lang.Thread.State: WAITING
        at sun.misc.Unsafe.park(Native Method)
        - parking to wait for <6bfae09c> (a java.util.concurrent.locks.AbstractQueuedSynchronizer$ConditionObject)
        at java.util.concurrent.locks.LockSupport.park(LockSupport.java:175)
        at java.util.concurrent.locks.AbstractQueuedSynchronizer$ConditionObject.await(AbstractQueuedSynchronizer.java:2039)
        at java.util.concurrent.LinkedBlockingQueue.take(LinkedBlockingQueue.java:442)
        at org.apache.flink.runtime.io.disk.iomanager.IOManagerAsync$ReaderThread.run(IOManagerAsync.java:354)

   Locked ownable synchronizers:
        - None

"IOManager writer thread #1" - Thread t@70
   java.lang.Thread.State: WAITING
        at sun.misc.Unsafe.park(Native Method)
        - parking to wait for <602dbaaf> (a java.util.concurrent.locks.AbstractQueuedSynchronizer$ConditionObject)
        at java.util.concurrent.locks.LockSupport.park(LockSupport.java:175)
        at java.util.concurrent.locks.AbstractQueuedSynchronizer$ConditionObject.await(AbstractQueuedSynchronizer.java:2039)
        at java.util.concurrent.LinkedBlockingQueue.take(LinkedBlockingQueue.java:442)
        at org.apache.flink.runtime.io.disk.iomanager.IOManagerAsync$WriterThread.run(IOManagerAsync.java:460)

   Locked ownable synchronizers:
        - None

"Flink Netty Server (0) Thread 0" - Thread t@67
   java.lang.Thread.State: RUNNABLE
        at sun.nio.ch.EPollArrayWrapper.epollWait(Native Method)
        at sun.nio.ch.EPollArrayWrapper.poll(EPollArrayWrapper.java:269)
        at sun.nio.ch.EPollSelectorImpl.doSelect(EPollSelectorImpl.java:93)
        at sun.nio.ch.SelectorImpl.lockAndDoSelect(SelectorImpl.java:86)
        - locked <55851582> (a org.apache.flink.shaded.netty4.io.netty.channel.nio.SelectedSelectionKeySet)
        - locked <7bfade64> (a java.util.Collections$UnmodifiableSet)
        - locked <6e460b2d> (a sun.nio.ch.EPollSelectorImpl)
        at sun.nio.ch.SelectorImpl.select(SelectorImpl.java:97)
        at org.apache.flink.shaded.netty4.io.netty.channel.nio.SelectedSelectionKeySetSelector.select(SelectedSelectionKeySetSelector.java:62)
        at org.apache.flink.shaded.netty4.io.netty.channel.nio.NioEventLoop.select(NioEventLoop.java:806)
        at org.apache.flink.shaded.netty4.io.netty.channel.nio.NioEventLoop.run(NioEventLoop.java:454)
        at org.apache.flink.shaded.netty4.io.netty.util.concurrent.SingleThreadEventExecutor$5.run(SingleThreadEventExecutor.java:918)
        at org.apache.flink.shaded.netty4.io.netty.util.internal.ThreadExecutorMap$2.run(ThreadExecutorMap.java:74)
        at java.lang.Thread.run(Thread.java:748)

   Locked ownable synchronizers:
        - None

"IOManager reader thread #1" - Thread t@63
   java.lang.Thread.State: WAITING
        at sun.misc.Unsafe.park(Native Method)
        - parking to wait for <71b5ea07> (a java.util.concurrent.locks.AbstractQueuedSynchronizer$ConditionObject)
        at java.util.concurrent.locks.LockSupport.park(LockSupport.java:175)
        at java.util.concurrent.locks.AbstractQueuedSynchronizer$ConditionObject.await(AbstractQueuedSynchronizer.java:2039)
        at java.util.concurrent.LinkedBlockingQueue.take(LinkedBlockingQueue.java:442)
        at org.apache.flink.runtime.io.disk.iomanager.IOManagerAsync$ReaderThread.run(IOManagerAsync.java:354)

   Locked ownable synchronizers:
        - None

"IOManager writer thread #1" - Thread t@62
   java.lang.Thread.State: WAITING
        at sun.misc.Unsafe.park(Native Method)
        - parking to wait for <4b4801a2> (a java.util.concurrent.locks.AbstractQueuedSynchronizer$ConditionObject)
        at java.util.concurrent.locks.LockSupport.park(LockSupport.java:175)
        at java.util.concurrent.locks.AbstractQueuedSynchronizer$ConditionObject.await(AbstractQueuedSynchronizer.java:2039)
        at java.util.concurrent.LinkedBlockingQueue.take(LinkedBlockingQueue.java:442)
        at org.apache.flink.runtime.io.disk.iomanager.IOManagerAsync$WriterThread.run(IOManagerAsync.java:460)

   Locked ownable synchronizers:
        - None

"Flink Netty Server (0) Thread 0" - Thread t@59
   java.lang.Thread.State: RUNNABLE
        at sun.nio.ch.EPollArrayWrapper.epollWait(Native Method)
        at sun.nio.ch.EPollArrayWrapper.poll(EPollArrayWrapper.java:269)
        at sun.nio.ch.EPollSelectorImpl.doSelect(EPollSelectorImpl.java:93)
        at sun.nio.ch.SelectorImpl.lockAndDoSelect(SelectorImpl.java:86)
        - locked <1b9c363e> (a org.apache.flink.shaded.netty4.io.netty.channel.nio.SelectedSelectionKeySet)
        - locked <66c809ca> (a java.util.Collections$UnmodifiableSet)
        - locked <4b6ce289> (a sun.nio.ch.EPollSelectorImpl)
        at sun.nio.ch.SelectorImpl.select(SelectorImpl.java:97)
        at org.apache.flink.shaded.netty4.io.netty.channel.nio.SelectedSelectionKeySetSelector.select(SelectedSelectionKeySetSelector.java:62)
        at org.apache.flink.shaded.netty4.io.netty.channel.nio.NioEventLoop.select(NioEventLoop.java:806)
        at org.apache.flink.shaded.netty4.io.netty.channel.nio.NioEventLoop.run(NioEventLoop.java:454)
        at org.apache.flink.shaded.netty4.io.netty.util.concurrent.SingleThreadEventExecutor$5.run(SingleThreadEventExecutor.java:918)
        at org.apache.flink.shaded.netty4.io.netty.util.internal.ThreadExecutorMap$2.run(ThreadExecutorMap.java:74)
        at java.lang.Thread.run(Thread.java:748)

   Locked ownable synchronizers:
        - None

"IOManager reader thread #1" - Thread t@55
   java.lang.Thread.State: WAITING
        at sun.misc.Unsafe.park(Native Method)
        - parking to wait for <770ae657> (a java.util.concurrent.locks.AbstractQueuedSynchronizer$ConditionObject)
        at java.util.concurrent.locks.LockSupport.park(LockSupport.java:175)
        at java.util.concurrent.locks.AbstractQueuedSynchronizer$ConditionObject.await(AbstractQueuedSynchronizer.java:2039)
        at java.util.concurrent.LinkedBlockingQueue.take(LinkedBlockingQueue.java:442)
        at org.apache.flink.runtime.io.disk.iomanager.IOManagerAsync$ReaderThread.run(IOManagerAsync.java:354)

   Locked ownable synchronizers:
        - None

"IOManager writer thread #1" - Thread t@54
   java.lang.Thread.State: WAITING
        at sun.misc.Unsafe.park(Native Method)
        - parking to wait for <7affd2db> (a java.util.concurrent.locks.AbstractQueuedSynchronizer$ConditionObject)
        at java.util.concurrent.locks.LockSupport.park(LockSupport.java:175)
        at java.util.concurrent.locks.AbstractQueuedSynchronizer$ConditionObject.await(AbstractQueuedSynchronizer.java:2039)
        at java.util.concurrent.LinkedBlockingQueue.take(LinkedBlockingQueue.java:442)
        at org.apache.flink.runtime.io.disk.iomanager.IOManagerAsync$WriterThread.run(IOManagerAsync.java:460)

   Locked ownable synchronizers:
        - None

"Flink Netty Server (0) Thread 0" - Thread t@50
   java.lang.Thread.State: RUNNABLE
        at sun.nio.ch.EPollArrayWrapper.epollWait(Native Method)
        at sun.nio.ch.EPollArrayWrapper.poll(EPollArrayWrapper.java:269)
        at sun.nio.ch.EPollSelectorImpl.doSelect(EPollSelectorImpl.java:93)
        at sun.nio.ch.SelectorImpl.lockAndDoSelect(SelectorImpl.java:86)
        - locked <152d97aa> (a org.apache.flink.shaded.netty4.io.netty.channel.nio.SelectedSelectionKeySet)
        - locked <6f7a7ef7> (a java.util.Collections$UnmodifiableSet)
        - locked <495aac8b> (a sun.nio.ch.EPollSelectorImpl)
        at sun.nio.ch.SelectorImpl.select(SelectorImpl.java:97)
        at org.apache.flink.shaded.netty4.io.netty.channel.nio.SelectedSelectionKeySetSelector.select(SelectedSelectionKeySetSelector.java:62)
        at org.apache.flink.shaded.netty4.io.netty.channel.nio.NioEventLoop.select(NioEventLoop.java:806)
        at org.apache.flink.shaded.netty4.io.netty.channel.nio.NioEventLoop.run(NioEventLoop.java:454)
        at org.apache.flink.shaded.netty4.io.netty.util.concurrent.SingleThreadEventExecutor$5.run(SingleThreadEventExecutor.java:918)
        at org.apache.flink.shaded.netty4.io.netty.util.internal.ThreadExecutorMap$2.run(ThreadExecutorMap.java:74)
        at java.lang.Thread.run(Thread.java:748)

   Locked ownable synchronizers:
        - None

"IOManager reader thread #1" - Thread t@47
   java.lang.Thread.State: WAITING
        at sun.misc.Unsafe.park(Native Method)
        - parking to wait for <2444ea51> (a java.util.concurrent.locks.AbstractQueuedSynchronizer$ConditionObject)
        at java.util.concurrent.locks.LockSupport.park(LockSupport.java:175)
        at java.util.concurrent.locks.AbstractQueuedSynchronizer$ConditionObject.await(AbstractQueuedSynchronizer.java:2039)
        at java.util.concurrent.LinkedBlockingQueue.take(LinkedBlockingQueue.java:442)
        at org.apache.flink.runtime.io.disk.iomanager.IOManagerAsync$ReaderThread.run(IOManagerAsync.java:354)

   Locked ownable synchronizers:
        - None

"IOManager writer thread #1" - Thread t@46
   java.lang.Thread.State: WAITING
        at sun.misc.Unsafe.park(Native Method)
        - parking to wait for <2f8aba6a> (a java.util.concurrent.locks.AbstractQueuedSynchronizer$ConditionObject)
        at java.util.concurrent.locks.LockSupport.park(LockSupport.java:175)
        at java.util.concurrent.locks.AbstractQueuedSynchronizer$ConditionObject.await(AbstractQueuedSynchronizer.java:2039)
        at java.util.concurrent.LinkedBlockingQueue.take(LinkedBlockingQueue.java:442)
        at org.apache.flink.runtime.io.disk.iomanager.IOManagerAsync$WriterThread.run(IOManagerAsync.java:460)

   Locked ownable synchronizers:
        - None

"Timer-2" - Thread t@44
   java.lang.Thread.State: TIMED_WAITING
        at java.lang.Object.wait(Native Method)
        - waiting on <f92c992> (a java.util.TaskQueue)
        at java.util.TimerThread.mainLoop(Timer.java:552)
        at java.util.TimerThread.run(Timer.java:505)

   Locked ownable synchronizers:
        - None

"Timer-1" - Thread t@42
   java.lang.Thread.State: TIMED_WAITING
        at java.lang.Object.wait(Native Method)
        - waiting on <b7fbbb1> (a java.util.TaskQueue)
        at java.util.TimerThread.mainLoop(Timer.java:552)
        at java.util.TimerThread.run(Timer.java:505)

   Locked ownable synchronizers:
        - None

"BLOB Server listener at 42659" - Thread t@38
   java.lang.Thread.State: RUNNABLE
        at java.net.PlainSocketImpl.socketAccept(Native Method)
        at java.net.AbstractPlainSocketImpl.accept(AbstractPlainSocketImpl.java:535)
        at java.net.ServerSocket.implAccept(ServerSocket.java:545)
        at java.net.ServerSocket.accept(ServerSocket.java:513)
        at org.apache.flink.runtime.blob.BlobServer.run(BlobServer.java:254)

   Locked ownable synchronizers:
        - None

"Timer-0" - Thread t@39
   java.lang.Thread.State: TIMED_WAITING
        at java.lang.Object.wait(Native Method)
        - waiting on <86aceed> (a java.util.TaskQueue)
        at java.util.TimerThread.mainLoop(Timer.java:552)
        at java.util.TimerThread.run(Timer.java:505)

   Locked ownable synchronizers:
        - None

"New I/O server boss #6" - Thread t@37
   java.lang.Thread.State: RUNNABLE
        at sun.nio.ch.EPollArrayWrapper.epollWait(Native Method)
        at sun.nio.ch.EPollArrayWrapper.poll(EPollArrayWrapper.java:269)
        at sun.nio.ch.EPollSelectorImpl.doSelect(EPollSelectorImpl.java:93)
        at sun.nio.ch.SelectorImpl.lockAndDoSelect(SelectorImpl.java:86)
        - locked <650e6783> (a sun.nio.ch.Util$3)
        - locked <1ce72c4f> (a java.util.Collections$UnmodifiableSet)
        - locked <20d674e2> (a sun.nio.ch.EPollSelectorImpl)
        at sun.nio.ch.SelectorImpl.select(SelectorImpl.java:97)
        at sun.nio.ch.SelectorImpl.select(SelectorImpl.java:101)
        at org.apache.flink.shaded.akka.org.jboss.netty.channel.socket.nio.NioServerBoss.select(NioServerBoss.java:163)
        at org.apache.flink.shaded.akka.org.jboss.netty.channel.socket.nio.AbstractNioSelector.run(AbstractNioSelector.java:212)
        at org.apache.flink.shaded.akka.org.jboss.netty.channel.socket.nio.NioServerBoss.run(NioServerBoss.java:42)
        at org.apache.flink.shaded.akka.org.jboss.netty.util.ThreadRenamingRunnable.run(ThreadRenamingRunnable.java:108)
        at org.apache.flink.shaded.akka.org.jboss.netty.util.internal.DeadLockProofWorker$1.run(DeadLockProofWorker.java:42)
        at java.util.concurrent.ThreadPoolExecutor.runWorker(ThreadPoolExecutor.java:1149)
        at java.util.concurrent.ThreadPoolExecutor$Worker.run(ThreadPoolExecutor.java:624)
        at java.lang.Thread.run(Thread.java:748)

   Locked ownable synchronizers:
        - locked <70dd2ab4> (a java.util.concurrent.ThreadPoolExecutor$Worker)

"New I/O worker #5" - Thread t@36
   java.lang.Thread.State: RUNNABLE
        at sun.nio.ch.EPollArrayWrapper.epollWait(Native Method)
        at sun.nio.ch.EPollArrayWrapper.poll(EPollArrayWrapper.java:269)
        at sun.nio.ch.EPollSelectorImpl.doSelect(EPollSelectorImpl.java:93)
        at sun.nio.ch.SelectorImpl.lockAndDoSelect(SelectorImpl.java:86)
        - locked <3cf4ba87> (a sun.nio.ch.Util$3)
        - locked <2a50f0e5> (a java.util.Collections$UnmodifiableSet)
        - locked <f7034b4> (a sun.nio.ch.EPollSelectorImpl)
        at sun.nio.ch.SelectorImpl.select(SelectorImpl.java:97)
        at org.apache.flink.shaded.akka.org.jboss.netty.channel.socket.nio.SelectorUtil.select(SelectorUtil.java:68)
        at org.apache.flink.shaded.akka.org.jboss.netty.channel.socket.nio.AbstractNioSelector.select(AbstractNioSelector.java:434)
        at org.apache.flink.shaded.akka.org.jboss.netty.channel.socket.nio.AbstractNioSelector.run(AbstractNioSelector.java:212)
        at org.apache.flink.shaded.akka.org.jboss.netty.channel.socket.nio.AbstractNioWorker.run(AbstractNioWorker.java:89)
        at org.apache.flink.shaded.akka.org.jboss.netty.channel.socket.nio.NioWorker.run(NioWorker.java:178)
        at org.apache.flink.shaded.akka.org.jboss.netty.util.ThreadRenamingRunnable.run(ThreadRenamingRunnable.java:108)
        at org.apache.flink.shaded.akka.org.jboss.netty.util.internal.DeadLockProofWorker$1.run(DeadLockProofWorker.java:42)
        at java.util.concurrent.ThreadPoolExecutor.runWorker(ThreadPoolExecutor.java:1149)
        at java.util.concurrent.ThreadPoolExecutor$Worker.run(ThreadPoolExecutor.java:624)
        at java.lang.Thread.run(Thread.java:748)

   Locked ownable synchronizers:
        - locked <6730c3ec> (a java.util.concurrent.ThreadPoolExecutor$Worker)

"New I/O worker #4" - Thread t@35
   java.lang.Thread.State: RUNNABLE
        at sun.nio.ch.EPollArrayWrapper.epollWait(Native Method)
        at sun.nio.ch.EPollArrayWrapper.poll(EPollArrayWrapper.java:269)
        at sun.nio.ch.EPollSelectorImpl.doSelect(EPollSelectorImpl.java:93)
        at sun.nio.ch.SelectorImpl.lockAndDoSelect(SelectorImpl.java:86)
        - locked <1c9220dc> (a sun.nio.ch.Util$3)
        - locked <52b914b> (a java.util.Collections$UnmodifiableSet)
        - locked <28d19ed3> (a sun.nio.ch.EPollSelectorImpl)
        at sun.nio.ch.SelectorImpl.select(SelectorImpl.java:97)
        at org.apache.flink.shaded.akka.org.jboss.netty.channel.socket.nio.SelectorUtil.select(SelectorUtil.java:68)
        at org.apache.flink.shaded.akka.org.jboss.netty.channel.socket.nio.AbstractNioSelector.select(AbstractNioSelector.java:434)
        at org.apache.flink.shaded.akka.org.jboss.netty.channel.socket.nio.AbstractNioSelector.run(AbstractNioSelector.java:212)
        at org.apache.flink.shaded.akka.org.jboss.netty.channel.socket.nio.AbstractNioWorker.run(AbstractNioWorker.java:89)
        at org.apache.flink.shaded.akka.org.jboss.netty.channel.socket.nio.NioWorker.run(NioWorker.java:178)
        at org.apache.flink.shaded.akka.org.jboss.netty.util.ThreadRenamingRunnable.run(ThreadRenamingRunnable.java:108)
        at org.apache.flink.shaded.akka.org.jboss.netty.util.internal.DeadLockProofWorker$1.run(DeadLockProofWorker.java:42)
        at java.util.concurrent.ThreadPoolExecutor.runWorker(ThreadPoolExecutor.java:1149)
        at java.util.concurrent.ThreadPoolExecutor$Worker.run(ThreadPoolExecutor.java:624)
        at java.lang.Thread.run(Thread.java:748)

   Locked ownable synchronizers:
        - locked <4d7190d8> (a java.util.concurrent.ThreadPoolExecutor$Worker)

"New I/O boss #3" - Thread t@34
   java.lang.Thread.State: RUNNABLE
        at sun.nio.ch.EPollArrayWrapper.epollWait(Native Method)
        at sun.nio.ch.EPollArrayWrapper.poll(EPollArrayWrapper.java:269)
        at sun.nio.ch.EPollSelectorImpl.doSelect(EPollSelectorImpl.java:93)
        at sun.nio.ch.SelectorImpl.lockAndDoSelect(SelectorImpl.java:86)
        - locked <268adae9> (a sun.nio.ch.Util$3)
        - locked <2b139a24> (a java.util.Collections$UnmodifiableSet)
        - locked <72ebe7c4> (a sun.nio.ch.EPollSelectorImpl)
        at sun.nio.ch.SelectorImpl.select(SelectorImpl.java:97)
        at org.apache.flink.shaded.akka.org.jboss.netty.channel.socket.nio.SelectorUtil.select(SelectorUtil.java:68)
        at org.apache.flink.shaded.akka.org.jboss.netty.channel.socket.nio.AbstractNioSelector.select(AbstractNioSelector.java:434)
        at org.apache.flink.shaded.akka.org.jboss.netty.channel.socket.nio.AbstractNioSelector.run(AbstractNioSelector.java:212)
        at org.apache.flink.shaded.akka.org.jboss.netty.channel.socket.nio.NioClientBoss.run(NioClientBoss.java:42)
        at org.apache.flink.shaded.akka.org.jboss.netty.util.ThreadRenamingRunnable.run(ThreadRenamingRunnable.java:108)
        at org.apache.flink.shaded.akka.org.jboss.netty.util.internal.DeadLockProofWorker$1.run(DeadLockProofWorker.java:42)
        at java.util.concurrent.ThreadPoolExecutor.runWorker(ThreadPoolExecutor.java:1149)
        at java.util.concurrent.ThreadPoolExecutor$Worker.run(ThreadPoolExecutor.java:624)
        at java.lang.Thread.run(Thread.java:748)

   Locked ownable synchronizers:
        - locked <78073247> (a java.util.concurrent.ThreadPoolExecutor$Worker)

"New I/O worker #2" - Thread t@32
   java.lang.Thread.State: RUNNABLE
        at sun.nio.ch.EPollArrayWrapper.epollWait(Native Method)
        at sun.nio.ch.EPollArrayWrapper.poll(EPollArrayWrapper.java:269)
        at sun.nio.ch.EPollSelectorImpl.doSelect(EPollSelectorImpl.java:93)
        at sun.nio.ch.SelectorImpl.lockAndDoSelect(SelectorImpl.java:86)
        - locked <5668d84c> (a sun.nio.ch.Util$3)
        - locked <26c51dfa> (a java.util.Collections$UnmodifiableSet)
        - locked <113071bc> (a sun.nio.ch.EPollSelectorImpl)
        at sun.nio.ch.SelectorImpl.select(SelectorImpl.java:97)
        at org.apache.flink.shaded.akka.org.jboss.netty.channel.socket.nio.SelectorUtil.select(SelectorUtil.java:68)
        at org.apache.flink.shaded.akka.org.jboss.netty.channel.socket.nio.AbstractNioSelector.select(AbstractNioSelector.java:434)
        at org.apache.flink.shaded.akka.org.jboss.netty.channel.socket.nio.AbstractNioSelector.run(AbstractNioSelector.java:212)
        at org.apache.flink.shaded.akka.org.jboss.netty.channel.socket.nio.AbstractNioWorker.run(AbstractNioWorker.java:89)
        at org.apache.flink.shaded.akka.org.jboss.netty.channel.socket.nio.NioWorker.run(NioWorker.java:178)
        at org.apache.flink.shaded.akka.org.jboss.netty.util.ThreadRenamingRunnable.run(ThreadRenamingRunnable.java:108)
        at org.apache.flink.shaded.akka.org.jboss.netty.util.internal.DeadLockProofWorker$1.run(DeadLockProofWorker.java:42)
        at java.util.concurrent.ThreadPoolExecutor.runWorker(ThreadPoolExecutor.java:1149)
        at java.util.concurrent.ThreadPoolExecutor$Worker.run(ThreadPoolExecutor.java:624)
        at java.lang.Thread.run(Thread.java:748)

   Locked ownable synchronizers:
        - locked <213dfb95> (a java.util.concurrent.ThreadPoolExecutor$Worker)

"New I/O worker #1" - Thread t@31
   java.lang.Thread.State: RUNNABLE
        at sun.nio.ch.EPollArrayWrapper.epollWait(Native Method)
        at sun.nio.ch.EPollArrayWrapper.poll(EPollArrayWrapper.java:269)
        at sun.nio.ch.EPollSelectorImpl.doSelect(EPollSelectorImpl.java:93)
        at sun.nio.ch.SelectorImpl.lockAndDoSelect(SelectorImpl.java:86)
        - locked <3c487199> (a sun.nio.ch.Util$3)
        - locked <2cf264e4> (a java.util.Collections$UnmodifiableSet)
        - locked <2256864d> (a sun.nio.ch.EPollSelectorImpl)
        at sun.nio.ch.SelectorImpl.select(SelectorImpl.java:97)
        at org.apache.flink.shaded.akka.org.jboss.netty.channel.socket.nio.SelectorUtil.select(SelectorUtil.java:68)
        at org.apache.flink.shaded.akka.org.jboss.netty.channel.socket.nio.AbstractNioSelector.select(AbstractNioSelector.java:434)
        at org.apache.flink.shaded.akka.org.jboss.netty.channel.socket.nio.AbstractNioSelector.run(AbstractNioSelector.java:212)
        at org.apache.flink.shaded.akka.org.jboss.netty.channel.socket.nio.AbstractNioWorker.run(AbstractNioWorker.java:89)
        at org.apache.flink.shaded.akka.org.jboss.netty.channel.socket.nio.NioWorker.run(NioWorker.java:178)
        at org.apache.flink.shaded.akka.org.jboss.netty.util.ThreadRenamingRunnable.run(ThreadRenamingRunnable.java:108)
        at org.apache.flink.shaded.akka.org.jboss.netty.util.internal.DeadLockProofWorker$1.run(DeadLockProofWorker.java:42)
        at java.util.concurrent.ThreadPoolExecutor.runWorker(ThreadPoolExecutor.java:1149)
        at java.util.concurrent.ThreadPoolExecutor$Worker.run(ThreadPoolExecutor.java:624)
        at java.lang.Thread.run(Thread.java:748)

   Locked ownable synchronizers:
        - locked <7641da8a> (a java.util.concurrent.ThreadPoolExecutor$Worker)

"flink-metrics-akka.remote.default-remote-dispatcher-4" - Thread t@30
   java.lang.Thread.State: TIMED_WAITING
        at sun.misc.Unsafe.park(Native Method)
        - parking to wait for <72c97c60> (a akka.dispatch.ForkJoinExecutorConfigurator$AkkaForkJoinPool)
        at akka.dispatch.forkjoin.ForkJoinPool.idleAwaitWork(ForkJoinPool.java:2135)
        at akka.dispatch.forkjoin.ForkJoinPool.scan(ForkJoinPool.java:2067)
        at akka.dispatch.forkjoin.ForkJoinPool.runWorker(ForkJoinPool.java:1979)
        at akka.dispatch.forkjoin.ForkJoinWorkerThread.run(ForkJoinWorkerThread.java:107)

   Locked ownable synchronizers:
        - None

"flink-metrics-akka.remote.default-remote-dispatcher-3" - Thread t@29
   java.lang.Thread.State: WAITING
        at sun.misc.Unsafe.park(Native Method)
        - parking to wait for <72c97c60> (a akka.dispatch.ForkJoinExecutorConfigurator$AkkaForkJoinPool)
        at akka.dispatch.forkjoin.ForkJoinPool.scan(ForkJoinPool.java:2075)
        at akka.dispatch.forkjoin.ForkJoinPool.runWorker(ForkJoinPool.java:1979)
        at akka.dispatch.forkjoin.ForkJoinWorkerThread.run(ForkJoinWorkerThread.java:107)

   Locked ownable synchronizers:
        - None

"flink-metrics-scheduler-1" - Thread t@27
   java.lang.Thread.State: TIMED_WAITING
        at java.lang.Thread.sleep(Native Method)
        at akka.actor.LightArrayRevolverScheduler.waitNanos(LightArrayRevolverScheduler.scala:85)
        at akka.actor.LightArrayRevolverScheduler$$anon$4.nextTick(LightArrayRevolverScheduler.scala:265)
        at akka.actor.LightArrayRevolverScheduler$$anon$4.run(LightArrayRevolverScheduler.scala:235)
        at java.lang.Thread.run(Thread.java:748)

   Locked ownable synchronizers:
        - None

"flink-scheduler-1" - Thread t@24
   java.lang.Thread.State: TIMED_WAITING
        at java.lang.Thread.sleep(Native Method)
        at akka.actor.LightArrayRevolverScheduler.waitNanos(LightArrayRevolverScheduler.scala:85)
        at akka.actor.LightArrayRevolverScheduler$$anon$4.nextTick(LightArrayRevolverScheduler.scala:265)
        at akka.actor.LightArrayRevolverScheduler$$anon$4.run(LightArrayRevolverScheduler.scala:235)
        at java.lang.Thread.run(Thread.java:748)

   Locked ownable synchronizers:
        - None

"FIFOScheduler-interpreter_1445116174-Worker-1" - Thread t@23
   java.lang.Thread.State: WAITING
        at sun.misc.Unsafe.park(Native Method)
        - parking to wait for <1d5a6911> (a java.util.concurrent.locks.AbstractQueuedSynchronizer$ConditionObject)
        at java.util.concurrent.locks.LockSupport.park(LockSupport.java:175)
        at java.util.concurrent.locks.AbstractQueuedSynchronizer$ConditionObject.await(AbstractQueuedSynchronizer.java:2039)
        at java.util.concurrent.LinkedBlockingQueue.take(LinkedBlockingQueue.java:442)
        at java.util.concurrent.ThreadPoolExecutor.getTask(ThreadPoolExecutor.java:1074)
        at java.util.concurrent.ThreadPoolExecutor.runWorker(ThreadPoolExecutor.java:1134)
        at java.util.concurrent.ThreadPoolExecutor$Worker.run(ThreadPoolExecutor.java:624)
        at java.lang.Thread.run(Thread.java:748)

   Locked ownable synchronizers:
        - None

"SchedulerFactory5" - Thread t@22
   java.lang.Thread.State: WAITING
        at sun.misc.Unsafe.park(Native Method)
        - parking to wait for <4319d1f1> (a java.util.concurrent.locks.AbstractQueuedSynchronizer$ConditionObject)
        at java.util.concurrent.locks.LockSupport.park(LockSupport.java:175)
        at java.util.concurrent.locks.AbstractQueuedSynchronizer$ConditionObject.await(AbstractQueuedSynchronizer.java:2039)
        at java.util.concurrent.LinkedBlockingQueue.take(LinkedBlockingQueue.java:442)
        at org.apache.zeppelin.scheduler.AbstractScheduler.run(AbstractScheduler.java:87)
        at java.util.concurrent.Executors$RunnableAdapter.call(Executors.java:511)
        at java.util.concurrent.FutureTask.run(FutureTask.java:266)
        at java.util.concurrent.ScheduledThreadPoolExecutor$ScheduledFutureTask.access$201(ScheduledThreadPoolExecutor.java:180)
        at java.util.concurrent.ScheduledThreadPoolExecutor$ScheduledFutureTask.run(ScheduledThreadPoolExecutor.java:293)
        at java.util.concurrent.ThreadPoolExecutor.runWorker(ThreadPoolExecutor.java:1149)
        at java.util.concurrent.ThreadPoolExecutor$Worker.run(ThreadPoolExecutor.java:624)
        at java.lang.Thread.run(Thread.java:748)

   Locked ownable synchronizers:
        - locked <4d50ffff> (a java.util.concurrent.ThreadPoolExecutor$Worker)

"SchedulerFactory4" - Thread t@21
   java.lang.Thread.State: WAITING
        at sun.misc.Unsafe.park(Native Method)
        - parking to wait for <7a8a8f8e> (a java.util.concurrent.locks.AbstractQueuedSynchronizer$ConditionObject)
        at java.util.concurrent.locks.LockSupport.park(LockSupport.java:175)
        at java.util.concurrent.locks.AbstractQueuedSynchronizer$ConditionObject.await(AbstractQueuedSynchronizer.java:2039)
        at java.util.concurrent.LinkedBlockingQueue.take(LinkedBlockingQueue.java:442)
        at org.apache.zeppelin.scheduler.AbstractScheduler.run(AbstractScheduler.java:87)
        at java.util.concurrent.Executors$RunnableAdapter.call(Executors.java:511)
        at java.util.concurrent.FutureTask.run(FutureTask.java:266)
        at java.util.concurrent.ScheduledThreadPoolExecutor$ScheduledFutureTask.access$201(ScheduledThreadPoolExecutor.java:180)
        at java.util.concurrent.ScheduledThreadPoolExecutor$ScheduledFutureTask.run(ScheduledThreadPoolExecutor.java:293)
        at java.util.concurrent.ThreadPoolExecutor.runWorker(ThreadPoolExecutor.java:1149)
        at java.util.concurrent.ThreadPoolExecutor$Worker.run(ThreadPoolExecutor.java:624)
        at java.lang.Thread.run(Thread.java:748)

   Locked ownable synchronizers:
        - locked <1334845a> (a java.util.concurrent.ThreadPoolExecutor$Worker)

"SchedulerFactory3" - Thread t@20
   java.lang.Thread.State: WAITING
        at sun.misc.Unsafe.park(Native Method)
        - parking to wait for <6637c458> (a java.util.concurrent.locks.AbstractQueuedSynchronizer$ConditionObject)
        at java.util.concurrent.locks.LockSupport.park(LockSupport.java:175)
        at java.util.concurrent.locks.AbstractQueuedSynchronizer$ConditionObject.await(AbstractQueuedSynchronizer.java:2039)
        at java.util.concurrent.LinkedBlockingQueue.take(LinkedBlockingQueue.java:442)
        at org.apache.zeppelin.scheduler.AbstractScheduler.run(AbstractScheduler.java:87)
        at java.util.concurrent.Executors$RunnableAdapter.call(Executors.java:511)
        at java.util.concurrent.FutureTask.run(FutureTask.java:266)
        at java.util.concurrent.ScheduledThreadPoolExecutor$ScheduledFutureTask.access$201(ScheduledThreadPoolExecutor.java:180)
        at java.util.concurrent.ScheduledThreadPoolExecutor$ScheduledFutureTask.run(ScheduledThreadPoolExecutor.java:293)
        at java.util.concurrent.ThreadPoolExecutor.runWorker(ThreadPoolExecutor.java:1149)
        at java.util.concurrent.ThreadPoolExecutor$Worker.run(ThreadPoolExecutor.java:624)
        at java.lang.Thread.run(Thread.java:748)

   Locked ownable synchronizers:
        - locked <11864a02> (a java.util.concurrent.ThreadPoolExecutor$Worker)

"SchedulerFactory2" - Thread t@19
   java.lang.Thread.State: WAITING
        at sun.misc.Unsafe.park(Native Method)
        - parking to wait for <28eb3b6e> (a java.util.concurrent.locks.AbstractQueuedSynchronizer$ConditionObject)
        at java.util.concurrent.locks.LockSupport.park(LockSupport.java:175)
        at java.util.concurrent.locks.AbstractQueuedSynchronizer$ConditionObject.await(AbstractQueuedSynchronizer.java:2039)
        at java.util.concurrent.LinkedBlockingQueue.take(LinkedBlockingQueue.java:442)
        at org.apache.zeppelin.scheduler.AbstractScheduler.run(AbstractScheduler.java:87)
        at java.util.concurrent.Executors$RunnableAdapter.call(Executors.java:511)
        at java.util.concurrent.FutureTask.run(FutureTask.java:266)
        at java.util.concurrent.ScheduledThreadPoolExecutor$ScheduledFutureTask.access$201(ScheduledThreadPoolExecutor.java:180)
        at java.util.concurrent.ScheduledThreadPoolExecutor$ScheduledFutureTask.run(ScheduledThreadPoolExecutor.java:293)
        at java.util.concurrent.ThreadPoolExecutor.runWorker(ThreadPoolExecutor.java:1149)
        at java.util.concurrent.ThreadPoolExecutor$Worker.run(ThreadPoolExecutor.java:624)
        at java.lang.Thread.run(Thread.java:748)

   Locked ownable synchronizers:
        - locked <498e4b4a> (a java.util.concurrent.ThreadPoolExecutor$Worker)

"SchedulerFactory1" - Thread t@18
   java.lang.Thread.State: WAITING
        at sun.misc.Unsafe.park(Native Method)
        - parking to wait for <25f0e1db> (a java.util.concurrent.locks.AbstractQueuedSynchronizer$ConditionObject)
        at java.util.concurrent.locks.LockSupport.park(LockSupport.java:175)
        at java.util.concurrent.locks.AbstractQueuedSynchronizer$ConditionObject.await(AbstractQueuedSynchronizer.java:2039)
        at java.util.concurrent.LinkedBlockingQueue.take(LinkedBlockingQueue.java:442)
        at org.apache.zeppelin.scheduler.AbstractScheduler.run(AbstractScheduler.java:87)
        at java.util.concurrent.Executors$RunnableAdapter.call(Executors.java:511)
        at java.util.concurrent.FutureTask.run(FutureTask.java:266)
        at java.util.concurrent.ScheduledThreadPoolExecutor$ScheduledFutureTask.access$201(ScheduledThreadPoolExecutor.java:180)
        at java.util.concurrent.ScheduledThreadPoolExecutor$ScheduledFutureTask.run(ScheduledThreadPoolExecutor.java:293)
        at java.util.concurrent.ThreadPoolExecutor.runWorker(ThreadPoolExecutor.java:1149)
        at java.util.concurrent.ThreadPoolExecutor$Worker.run(ThreadPoolExecutor.java:624)
        at java.lang.Thread.run(Thread.java:748)

   Locked ownable synchronizers:
        - locked <43441b77> (a java.util.concurrent.ThreadPoolExecutor$Worker)

"pool-2-thread-2" - Thread t@17
   java.lang.Thread.State: RUNNABLE
        at java.net.SocketInputStream.socketRead0(Native Method)
        at java.net.SocketInputStream.socketRead(SocketInputStream.java:116)
        at java.net.SocketInputStream.read(SocketInputStream.java:171)
        at java.net.SocketInputStream.read(SocketInputStream.java:141)
        at java.io.BufferedInputStream.fill(BufferedInputStream.java:246)
        at java.io.BufferedInputStream.read1(BufferedInputStream.java:286)
        at java.io.BufferedInputStream.read(BufferedInputStream.java:345)
        - locked <30f9be2a> (a java.io.BufferedInputStream)
        at org.apache.zeppelin.shaded.org.apache.thrift.transport.TIOStreamTransport.read(TIOStreamTransport.java:125)
        at org.apache.zeppelin.shaded.org.apache.thrift.transport.TTransport.readAll(TTransport.java:86)
        at org.apache.zeppelin.shaded.org.apache.thrift.protocol.TBinaryProtocol.readAll(TBinaryProtocol.java:455)
        at org.apache.zeppelin.shaded.org.apache.thrift.protocol.TBinaryProtocol.readI32(TBinaryProtocol.java:354)
        at org.apache.zeppelin.shaded.org.apache.thrift.protocol.TBinaryProtocol.readMessageBegin(TBinaryProtocol.java:243)
        at org.apache.zeppelin.shaded.org.apache.thrift.TBaseProcessor.process(TBaseProcessor.java:27)
        at org.apache.zeppelin.shaded.org.apache.thrift.server.TThreadPoolServer$WorkerProcess.run(TThreadPoolServer.java:313)
        at java.util.concurrent.ThreadPoolExecutor.runWorker(ThreadPoolExecutor.java:1149)
        at java.util.concurrent.ThreadPoolExecutor$Worker.run(ThreadPoolExecutor.java:624)
        at java.lang.Thread.run(Thread.java:748)

   Locked ownable synchronizers:
        - locked <7541af8f> (a java.util.concurrent.ThreadPoolExecutor$Worker)

"pool-2-thread-1" - Thread t@16
   java.lang.Thread.State: RUNNABLE
        at java.net.SocketInputStream.socketRead0(Native Method)
        at java.net.SocketInputStream.socketRead(SocketInputStream.java:116)
        at java.net.SocketInputStream.read(SocketInputStream.java:171)
        at java.net.SocketInputStream.read(SocketInputStream.java:141)
        at java.io.BufferedInputStream.fill(BufferedInputStream.java:246)
        at java.io.BufferedInputStream.read1(BufferedInputStream.java:286)
        at java.io.BufferedInputStream.read(BufferedInputStream.java:345)
        - locked <4f42d515> (a java.io.BufferedInputStream)
        at org.apache.zeppelin.shaded.org.apache.thrift.transport.TIOStreamTransport.read(TIOStreamTransport.java:125)
        at org.apache.zeppelin.shaded.org.apache.thrift.transport.TTransport.readAll(TTransport.java:86)
        at org.apache.zeppelin.shaded.org.apache.thrift.protocol.TBinaryProtocol.readAll(TBinaryProtocol.java:455)
        at org.apache.zeppelin.shaded.org.apache.thrift.protocol.TBinaryProtocol.readI32(TBinaryProtocol.java:354)
        at org.apache.zeppelin.shaded.org.apache.thrift.protocol.TBinaryProtocol.readMessageBegin(TBinaryProtocol.java:243)
        at org.apache.zeppelin.shaded.org.apache.thrift.TBaseProcessor.process(TBaseProcessor.java:27)
        at org.apache.zeppelin.shaded.org.apache.thrift.server.TThreadPoolServer$WorkerProcess.run(TThreadPoolServer.java:313)
        at java.util.concurrent.ThreadPoolExecutor.runWorker(ThreadPoolExecutor.java:1149)
        at java.util.concurrent.ThreadPoolExecutor$Worker.run(ThreadPoolExecutor.java:624)
        at java.lang.Thread.run(Thread.java:748)

   Locked ownable synchronizers:
        - locked <175cde16> (a java.util.concurrent.ThreadPoolExecutor$Worker)

"Thread-1" - Thread t@14
   java.lang.Thread.State: RUNNABLE
        at java.net.PlainSocketImpl.socketAccept(Native Method)
        at java.net.AbstractPlainSocketImpl.accept(AbstractPlainSocketImpl.java:535)
        at java.net.ServerSocket.implAccept(ServerSocket.java:545)
        at java.net.ServerSocket.accept(ServerSocket.java:513)
        at org.apache.zeppelin.shaded.org.apache.thrift.transport.TServerSocket.acceptImpl(TServerSocket.java:129)
        at org.apache.zeppelin.shaded.org.apache.thrift.transport.TServerSocket.acceptImpl(TServerSocket.java:35)
        at org.apache.zeppelin.shaded.org.apache.thrift.transport.TServerTransport.accept(TServerTransport.java:60)
        at org.apache.zeppelin.shaded.org.apache.thrift.server.TThreadPoolServer.execute(TThreadPoolServer.java:185)
        at org.apache.zeppelin.shaded.org.apache.thrift.server.TThreadPoolServer.serve(TThreadPoolServer.java:175)
        at org.apache.zeppelin.interpreter.remote.RemoteInterpreterServer.run(RemoteInterpreterServer.java:268)

   Locked ownable synchronizers:
        - None

"RMI TCP Accept-0" - Thread t@13
   java.lang.Thread.State: RUNNABLE
        at java.net.PlainSocketImpl.socketAccept(Native Method)
        at java.net.AbstractPlainSocketImpl.accept(AbstractPlainSocketImpl.java:535)
        at java.net.ServerSocket.implAccept(ServerSocket.java:545)
        at java.net.ServerSocket.accept(ServerSocket.java:513)
        at sun.management.jmxremote.LocalRMIServerSocketFactory$1.accept(LocalRMIServerSocketFactory.java:52)
        at sun.rmi.transport.tcp.TCPTransport$AcceptLoop.executeAcceptLoop(TCPTransport.java:405)
        at sun.rmi.transport.tcp.TCPTransport$AcceptLoop.run(TCPTransport.java:377)
        at java.lang.Thread.run(Thread.java:748)

   Locked ownable synchronizers:
        - None

"RMI TCP Accept-10995" - Thread t@12
   java.lang.Thread.State: RUNNABLE
        at java.net.PlainSocketImpl.socketAccept(Native Method)
        at java.net.AbstractPlainSocketImpl.accept(AbstractPlainSocketImpl.java:535)
        at java.net.ServerSocket.implAccept(ServerSocket.java:545)
        at java.net.ServerSocket.accept(ServerSocket.java:513)
        at sun.rmi.transport.tcp.TCPTransport$AcceptLoop.executeAcceptLoop(TCPTransport.java:405)
        at sun.rmi.transport.tcp.TCPTransport$AcceptLoop.run(TCPTransport.java:377)
        at java.lang.Thread.run(Thread.java:748)

   Locked ownable synchronizers:
        - None

"RMI TCP Accept-0" - Thread t@11
   java.lang.Thread.State: RUNNABLE
        at java.net.PlainSocketImpl.socketAccept(Native Method)
        at java.net.AbstractPlainSocketImpl.accept(AbstractPlainSocketImpl.java:535)
        at java.net.ServerSocket.implAccept(ServerSocket.java:545)
        at java.net.ServerSocket.accept(ServerSocket.java:513)
        at sun.rmi.transport.tcp.TCPTransport$AcceptLoop.executeAcceptLoop(TCPTransport.java:405)
        at sun.rmi.transport.tcp.TCPTransport$AcceptLoop.run(TCPTransport.java:377)
        at java.lang.Thread.run(Thread.java:748)

   Locked ownable synchronizers:
        - None

"JDWP Event Helper Thread" - Thread t@6
   java.lang.Thread.State: RUNNABLE

   Locked ownable synchronizers:
        - None

"Signal Dispatcher" - Thread t@4
   java.lang.Thread.State: RUNNABLE

   Locked ownable synchronizers:
        - None

"Finalizer" - Thread t@3
   java.lang.Thread.State: WAITING
        at java.lang.Object.wait(Native Method)
        - waiting on <ba8ec14> (a java.lang.ref.ReferenceQueue$Lock)
        at java.lang.ref.ReferenceQueue.remove(ReferenceQueue.java:144)
        at java.lang.ref.ReferenceQueue.remove(ReferenceQueue.java:165)
        at java.lang.ref.Finalizer$FinalizerThread.run(Finalizer.java:216)

   Locked ownable synchronizers:
        - None

"Reference Handler" - Thread t@2
   java.lang.Thread.State: WAITING
        at java.lang.Object.wait(Native Method)
        - waiting on <5365ec3d> (a java.lang.ref.Reference$Lock)
        at java.lang.Object.wait(Object.java:502)
        at java.lang.ref.Reference.tryHandlePending(Reference.java:191)
        at java.lang.ref.Reference$ReferenceHandler.run(Reference.java:153)

   Locked ownable synchronizers:
        - None

"main" - Thread t@1
   java.lang.Thread.State: WAITING
        at java.lang.Object.wait(Native Method)
        - waiting on <80ebe26> (a org.apache.zeppelin.interpreter.remote.RemoteInterpreterServer)
        at java.lang.Thread.join(Thread.java:1252)
        at java.lang.Thread.join(Thread.java:1326)
        at org.apache.zeppelin.interpreter.remote.RemoteInterpreterServer.main(RemoteInterpreterServer.java:373)

   Locked ownable synchronizers:
        - None

